This is pdfTeX, Version 3.1415926-2.5-1.40.14 (TeX Live 2013/Debian) (format=pdflatex 2018.4.16)  15 JUL 2019 17:47
entering extended mode
 restricted \write18 enabled.
 %&-line parsing enabled.
**chacon-ieeetec-17.tex
(./chacon-ieeetec-17.tex
LaTeX2e <2011/06/27>
Babel <3.9h> and hyphenation patterns for 78 languages loaded.
(./IEEEtran.cls
Document Class: IEEEtran 2015/08/26 V1.8b by Michael Shell
-- See the "IEEEtran_HOWTO" manual for usage information.
-- http://www.michaelshell.org/tex/ieeetran/
\@IEEEtrantmpdimenA=\dimen102
\@IEEEtrantmpdimenB=\dimen103
\@IEEEtrantmpdimenC=\dimen104
\@IEEEtrantmpcountA=\count79
\@IEEEtrantmpcountB=\count80
\@IEEEtrantmpcountC=\count81
\@IEEEtrantmptoksA=\toks14
LaTeX Font Info:    Try loading font information for OT1+ptm on input line 503.

(/usr/share/texlive/texmf-dist/tex/latex/psnfss/ot1ptm.fd
File: ot1ptm.fd 2001/06/04 font definitions for OT1/ptm.
)
-- Using 8.5in x 11in (letter) paper.
-- Using PDF output.
\@IEEEnormalsizeunitybaselineskip=\dimen105
-- This is a 10 point document.
\CLASSINFOnormalsizebaselineskip=\dimen106
\CLASSINFOnormalsizeunitybaselineskip=\dimen107
\IEEEnormaljot=\dimen108
LaTeX Font Info:    Font shape `OT1/ptm/bx/n' in size <5> not available
(Font)              Font shape `OT1/ptm/b/n' tried instead on input line 1090.
LaTeX Font Info:    Font shape `OT1/ptm/bx/it' in size <5> not available
(Font)              Font shape `OT1/ptm/b/it' tried instead on input line 1090.

LaTeX Font Info:    Font shape `OT1/ptm/bx/n' in size <7> not available
(Font)              Font shape `OT1/ptm/b/n' tried instead on input line 1090.
LaTeX Font Info:    Font shape `OT1/ptm/bx/it' in size <7> not available
(Font)              Font shape `OT1/ptm/b/it' tried instead on input line 1090.

LaTeX Font Info:    Font shape `OT1/ptm/bx/n' in size <8> not available
(Font)              Font shape `OT1/ptm/b/n' tried instead on input line 1090.
LaTeX Font Info:    Font shape `OT1/ptm/bx/it' in size <8> not available
(Font)              Font shape `OT1/ptm/b/it' tried instead on input line 1090.

LaTeX Font Info:    Font shape `OT1/ptm/bx/n' in size <9> not available
(Font)              Font shape `OT1/ptm/b/n' tried instead on input line 1090.
LaTeX Font Info:    Font shape `OT1/ptm/bx/it' in size <9> not available
(Font)              Font shape `OT1/ptm/b/it' tried instead on input line 1090.

LaTeX Font Info:    Font shape `OT1/ptm/bx/n' in size <10> not available
(Font)              Font shape `OT1/ptm/b/n' tried instead on input line 1090.
LaTeX Font Info:    Font shape `OT1/ptm/bx/it' in size <10> not available
(Font)              Font shape `OT1/ptm/b/it' tried instead on input line 1090.

LaTeX Font Info:    Font shape `OT1/ptm/bx/n' in size <11> not available
(Font)              Font shape `OT1/ptm/b/n' tried instead on input line 1090.
LaTeX Font Info:    Font shape `OT1/ptm/bx/it' in size <11> not available
(Font)              Font shape `OT1/ptm/b/it' tried instead on input line 1090.

LaTeX Font Info:    Font shape `OT1/ptm/bx/n' in size <12> not available
(Font)              Font shape `OT1/ptm/b/n' tried instead on input line 1090.
LaTeX Font Info:    Font shape `OT1/ptm/bx/it' in size <12> not available
(Font)              Font shape `OT1/ptm/b/it' tried instead on input line 1090.

LaTeX Font Info:    Font shape `OT1/ptm/bx/n' in size <17> not available
(Font)              Font shape `OT1/ptm/b/n' tried instead on input line 1090.
LaTeX Font Info:    Font shape `OT1/ptm/bx/it' in size <17> not available
(Font)              Font shape `OT1/ptm/b/it' tried instead on input line 1090.

LaTeX Font Info:    Font shape `OT1/ptm/bx/n' in size <20> not available
(Font)              Font shape `OT1/ptm/b/n' tried instead on input line 1090.
LaTeX Font Info:    Font shape `OT1/ptm/bx/it' in size <20> not available
(Font)              Font shape `OT1/ptm/b/it' tried instead on input line 1090.

LaTeX Font Info:    Font shape `OT1/ptm/bx/n' in size <24> not available
(Font)              Font shape `OT1/ptm/b/n' tried instead on input line 1090.
LaTeX Font Info:    Font shape `OT1/ptm/bx/it' in size <24> not available
(Font)              Font shape `OT1/ptm/b/it' tried instead on input line 1090.

\IEEEquantizedlength=\dimen109
\IEEEquantizedlengthdiff=\dimen110
\IEEEquantizedtextheightdiff=\dimen111
\IEEEilabelindentA=\dimen112
\IEEEilabelindentB=\dimen113
\IEEEilabelindent=\dimen114
\IEEEelabelindent=\dimen115
\IEEEdlabelindent=\dimen116
\IEEElabelindent=\dimen117
\IEEEiednormlabelsep=\dimen118
\IEEEiedmathlabelsep=\dimen119
\IEEEiedtopsep=\skip41
\c@section=\count82
\c@subsection=\count83
\c@subsubsection=\count84
\c@paragraph=\count85
\c@IEEEsubequation=\count86
\abovecaptionskip=\skip42
\belowcaptionskip=\skip43
\c@figure=\count87
\c@table=\count88
\@IEEEeqnnumcols=\count89
\@IEEEeqncolcnt=\count90
\@IEEEsubeqnnumrollback=\count91
\@IEEEquantizeheightA=\dimen120
\@IEEEquantizeheightB=\dimen121
\@IEEEquantizeheightC=\dimen122
\@IEEEquantizeprevdepth=\dimen123
\@IEEEquantizemultiple=\count92
\@IEEEquantizeboxA=\box26
\@IEEEtmpitemindent=\dimen124
\IEEEPARstartletwidth=\dimen125
\c@IEEEbiography=\count93
\@IEEEtranrubishbin=\box27
) (/usr/share/texlive/texmf-dist/tex/latex/threeparttable/threeparttable.sty
Package: threeparttable 2003/06/13  v 3.0
\@tempboxb=\box28
)
(/usr/share/texlive/texmf-dist/tex/latex/amsmath/amsmath.sty
Package: amsmath 2013/01/14 v2.14 AMS math features
\@mathmargin=\skip44

For additional information on amsmath, use the `?' option.
(/usr/share/texlive/texmf-dist/tex/latex/amsmath/amstext.sty
Package: amstext 2000/06/29 v2.01

(/usr/share/texlive/texmf-dist/tex/latex/amsmath/amsgen.sty
File: amsgen.sty 1999/11/30 v2.0
\@emptytoks=\toks15
\ex@=\dimen126
))
(/usr/share/texlive/texmf-dist/tex/latex/amsmath/amsbsy.sty
Package: amsbsy 1999/11/29 v1.2d
\pmbraise@=\dimen127
)
(/usr/share/texlive/texmf-dist/tex/latex/amsmath/amsopn.sty
Package: amsopn 1999/12/14 v2.01 operator names
)
\inf@bad=\count94
LaTeX Info: Redefining \frac on input line 210.
\uproot@=\count95
\leftroot@=\count96
LaTeX Info: Redefining \overline on input line 306.
\classnum@=\count97
\DOTSCASE@=\count98
LaTeX Info: Redefining \ldots on input line 378.
LaTeX Info: Redefining \dots on input line 381.
LaTeX Info: Redefining \cdots on input line 466.
\Mathstrutbox@=\box29
\strutbox@=\box30
\big@size=\dimen128
LaTeX Font Info:    Redeclaring font encoding OML on input line 566.
LaTeX Font Info:    Redeclaring font encoding OMS on input line 567.
\macc@depth=\count99
\c@MaxMatrixCols=\count100
\dotsspace@=\muskip10
\c@parentequation=\count101
\dspbrk@lvl=\count102
\tag@help=\toks16
\row@=\count103
\column@=\count104
\maxfields@=\count105
\andhelp@=\toks17
\eqnshift@=\dimen129
\alignsep@=\dimen130
\tagshift@=\dimen131
\tagwidth@=\dimen132
\totwidth@=\dimen133
\lineht@=\dimen134
\@envbody=\toks18
\multlinegap=\skip45
\multlinetaggap=\skip46
\mathdisplay@stack=\toks19
LaTeX Info: Redefining \[ on input line 2665.
LaTeX Info: Redefining \] on input line 2666.
)
(/usr/share/texlive/texmf-dist/tex/latex/graphics/graphicx.sty
Package: graphicx 1999/02/16 v1.0f Enhanced LaTeX Graphics (DPC,SPQR)

(/usr/share/texlive/texmf-dist/tex/latex/graphics/keyval.sty
Package: keyval 1999/03/16 v1.13 key=value parser (DPC)
\KV@toks@=\toks20
)
(/usr/share/texlive/texmf-dist/tex/latex/graphics/graphics.sty
Package: graphics 2009/02/05 v1.0o Standard LaTeX Graphics (DPC,SPQR)

(/usr/share/texlive/texmf-dist/tex/latex/graphics/trig.sty
Package: trig 1999/03/16 v1.09 sin cos tan (DPC)
)
(/usr/share/texlive/texmf-dist/tex/latex/latexconfig/graphics.cfg
File: graphics.cfg 2010/04/23 v1.9 graphics configuration of TeX Live
)
Package graphics Info: Driver file: pdftex.def on input line 91.

(/usr/share/texlive/texmf-dist/tex/latex/pdftex-def/pdftex.def
File: pdftex.def 2011/05/27 v0.06d Graphics/color for pdfTeX

(/usr/share/texlive/texmf-dist/tex/generic/oberdiek/infwarerr.sty
Package: infwarerr 2010/04/08 v1.3 Providing info/warning/error messages (HO)
)
(/usr/share/texlive/texmf-dist/tex/generic/oberdiek/ltxcmds.sty
Package: ltxcmds 2011/11/09 v1.22 LaTeX kernel commands for general use (HO)
)
\Gread@gobject=\count106
))
\Gin@req@height=\dimen135
\Gin@req@width=\dimen136
)
(/usr/share/texmf/tex/latex/pgf/frontendlayer/tikz.sty
(/usr/share/texmf/tex/latex/pgf/basiclayer/pgf.sty
(/usr/share/texmf/tex/latex/pgf/utilities/pgfrcs.sty
(/usr/share/texmf/tex/generic/pgf/utilities/pgfutil-common.tex
\pgfutil@everybye=\toks21
)
(/usr/share/texmf/tex/generic/pgf/utilities/pgfutil-latex.def
\pgfutil@abb=\box31

(/usr/share/texlive/texmf-dist/tex/latex/ms/everyshi.sty
Package: everyshi 2001/05/15 v3.00 EveryShipout Package (MS)
))
(/usr/share/texmf/tex/generic/pgf/utilities/pgfrcs.code.tex
Package: pgfrcs 2010/10/25 v2.10 (rcs-revision 1.24)
))
Package: pgf 2008/01/15 v2.10 (rcs-revision 1.12)

(/usr/share/texmf/tex/latex/pgf/basiclayer/pgfcore.sty
(/usr/share/texmf/tex/latex/pgf/systemlayer/pgfsys.sty
(/usr/share/texmf/tex/generic/pgf/systemlayer/pgfsys.code.tex
Package: pgfsys 2010/06/30 v2.10 (rcs-revision 1.37)

(/usr/share/texmf/tex/generic/pgf/utilities/pgfkeys.code.tex
\pgfkeys@pathtoks=\toks22
\pgfkeys@temptoks=\toks23

(/usr/share/texmf/tex/generic/pgf/utilities/pgfkeysfiltered.code.tex
\pgfkeys@tmptoks=\toks24
))
\pgf@x=\dimen137
\pgf@y=\dimen138
\pgf@xa=\dimen139
\pgf@ya=\dimen140
\pgf@xb=\dimen141
\pgf@yb=\dimen142
\pgf@xc=\dimen143
\pgf@yc=\dimen144
\w@pgf@writea=\write3
\r@pgf@reada=\read1
\c@pgf@counta=\count107
\c@pgf@countb=\count108
\c@pgf@countc=\count109
\c@pgf@countd=\count110

(/usr/share/texmf/tex/generic/pgf/systemlayer/pgf.cfg
File: pgf.cfg 2008/05/14  (rcs-revision 1.7)
)
Package pgfsys Info: Driver file for pgf: pgfsys-pdftex.def on input line 900.

(/usr/share/texmf/tex/generic/pgf/systemlayer/pgfsys-pdftex.def
File: pgfsys-pdftex.def 2009/05/22  (rcs-revision 1.26)

(/usr/share/texmf/tex/generic/pgf/systemlayer/pgfsys-common-pdf.def
File: pgfsys-common-pdf.def 2008/05/19  (rcs-revision 1.10)
)))
(/usr/share/texmf/tex/generic/pgf/systemlayer/pgfsyssoftpath.code.tex
File: pgfsyssoftpath.code.tex 2008/07/18  (rcs-revision 1.7)
\pgfsyssoftpath@smallbuffer@items=\count111
\pgfsyssoftpath@bigbuffer@items=\count112
)
(/usr/share/texmf/tex/generic/pgf/systemlayer/pgfsysprotocol.code.tex
File: pgfsysprotocol.code.tex 2006/10/16  (rcs-revision 1.4)
))
(/usr/share/texmf/tex/latex/xcolor/xcolor.sty
Package: xcolor 2007/01/21 v2.11 LaTeX color extensions (UK)

(/usr/share/texlive/texmf-dist/tex/latex/latexconfig/color.cfg
File: color.cfg 2007/01/18 v1.5 color configuration of teTeX/TeXLive
)
Package xcolor Info: Driver file: pdftex.def on input line 225.
Package xcolor Info: Model `cmy' substituted by `cmy0' on input line 1337.
Package xcolor Info: Model `hsb' substituted by `rgb' on input line 1341.
Package xcolor Info: Model `RGB' extended on input line 1353.
Package xcolor Info: Model `HTML' substituted by `rgb' on input line 1355.
Package xcolor Info: Model `Hsb' substituted by `hsb' on input line 1356.
Package xcolor Info: Model `tHsb' substituted by `hsb' on input line 1357.
Package xcolor Info: Model `HSB' substituted by `hsb' on input line 1358.
Package xcolor Info: Model `Gray' substituted by `gray' on input line 1359.
Package xcolor Info: Model `wave' substituted by `hsb' on input line 1360.
)
(/usr/share/texmf/tex/generic/pgf/basiclayer/pgfcore.code.tex
Package: pgfcore 2010/04/11 v2.10 (rcs-revision 1.7)

(/usr/share/texmf/tex/generic/pgf/math/pgfmath.code.tex
(/usr/share/texmf/tex/generic/pgf/math/pgfmathcalc.code.tex
(/usr/share/texmf/tex/generic/pgf/math/pgfmathutil.code.tex)
(/usr/share/texmf/tex/generic/pgf/math/pgfmathparser.code.tex
\pgfmath@dimen=\dimen145
\pgfmath@count=\count113
\pgfmath@box=\box32
\pgfmath@toks=\toks25
\pgfmath@stack@operand=\toks26
\pgfmath@stack@operation=\toks27
)
(/usr/share/texmf/tex/generic/pgf/math/pgfmathfunctions.code.tex
(/usr/share/texmf/tex/generic/pgf/math/pgfmathfunctions.basic.code.tex)
(/usr/share/texmf/tex/generic/pgf/math/pgfmathfunctions.trigonometric.code.tex)
(/usr/share/texmf/tex/generic/pgf/math/pgfmathfunctions.random.code.tex)
(/usr/share/texmf/tex/generic/pgf/math/pgfmathfunctions.comparison.code.tex)
(/usr/share/texmf/tex/generic/pgf/math/pgfmathfunctions.base.code.tex)
(/usr/share/texmf/tex/generic/pgf/math/pgfmathfunctions.round.code.tex)
(/usr/share/texmf/tex/generic/pgf/math/pgfmathfunctions.misc.code.tex)))
(/usr/share/texmf/tex/generic/pgf/math/pgfmathfloat.code.tex
\c@pgfmathroundto@lastzeros=\count114
))
(/usr/share/texmf/tex/generic/pgf/basiclayer/pgfcorepoints.code.tex
File: pgfcorepoints.code.tex 2010/04/09  (rcs-revision 1.20)
\pgf@picminx=\dimen146
\pgf@picmaxx=\dimen147
\pgf@picminy=\dimen148
\pgf@picmaxy=\dimen149
\pgf@pathminx=\dimen150
\pgf@pathmaxx=\dimen151
\pgf@pathminy=\dimen152
\pgf@pathmaxy=\dimen153
\pgf@xx=\dimen154
\pgf@xy=\dimen155
\pgf@yx=\dimen156
\pgf@yy=\dimen157
\pgf@zx=\dimen158
\pgf@zy=\dimen159
)
(/usr/share/texmf/tex/generic/pgf/basiclayer/pgfcorepathconstruct.code.tex
File: pgfcorepathconstruct.code.tex 2010/08/03  (rcs-revision 1.24)
\pgf@path@lastx=\dimen160
\pgf@path@lasty=\dimen161
)
(/usr/share/texmf/tex/generic/pgf/basiclayer/pgfcorepathusage.code.tex
File: pgfcorepathusage.code.tex 2008/04/22  (rcs-revision 1.12)
\pgf@shorten@end@additional=\dimen162
\pgf@shorten@start@additional=\dimen163
)
(/usr/share/texmf/tex/generic/pgf/basiclayer/pgfcorescopes.code.tex
File: pgfcorescopes.code.tex 2010/09/08  (rcs-revision 1.34)
\pgfpic=\box33
\pgf@hbox=\box34
\pgf@layerbox@main=\box35
\pgf@picture@serial@count=\count115
)
(/usr/share/texmf/tex/generic/pgf/basiclayer/pgfcoregraphicstate.code.tex
File: pgfcoregraphicstate.code.tex 2008/04/22  (rcs-revision 1.9)
\pgflinewidth=\dimen164
)
(/usr/share/texmf/tex/generic/pgf/basiclayer/pgfcoretransformations.code.tex
File: pgfcoretransformations.code.tex 2009/06/10  (rcs-revision 1.11)
\pgf@pt@x=\dimen165
\pgf@pt@y=\dimen166
\pgf@pt@temp=\dimen167
)
(/usr/share/texmf/tex/generic/pgf/basiclayer/pgfcorequick.code.tex
File: pgfcorequick.code.tex 2008/10/09  (rcs-revision 1.3)
)
(/usr/share/texmf/tex/generic/pgf/basiclayer/pgfcoreobjects.code.tex
File: pgfcoreobjects.code.tex 2006/10/11  (rcs-revision 1.2)
)
(/usr/share/texmf/tex/generic/pgf/basiclayer/pgfcorepathprocessing.code.tex
File: pgfcorepathprocessing.code.tex 2008/10/09  (rcs-revision 1.8)
)
(/usr/share/texmf/tex/generic/pgf/basiclayer/pgfcorearrows.code.tex
File: pgfcorearrows.code.tex 2008/04/23  (rcs-revision 1.11)
)
(/usr/share/texmf/tex/generic/pgf/basiclayer/pgfcoreshade.code.tex
File: pgfcoreshade.code.tex 2008/11/23  (rcs-revision 1.13)
\pgf@max=\dimen168
\pgf@sys@shading@range@num=\count116
)
(/usr/share/texmf/tex/generic/pgf/basiclayer/pgfcoreimage.code.tex
File: pgfcoreimage.code.tex 2010/03/25  (rcs-revision 1.16)

(/usr/share/texmf/tex/generic/pgf/basiclayer/pgfcoreexternal.code.tex
File: pgfcoreexternal.code.tex 2010/09/01  (rcs-revision 1.17)
\pgfexternal@startupbox=\box36
))
(/usr/share/texmf/tex/generic/pgf/basiclayer/pgfcorelayers.code.tex
File: pgfcorelayers.code.tex 2010/08/27  (rcs-revision 1.2)
)
(/usr/share/texmf/tex/generic/pgf/basiclayer/pgfcoretransparency.code.tex
File: pgfcoretransparency.code.tex 2008/01/17  (rcs-revision 1.2)
)
(/usr/share/texmf/tex/generic/pgf/basiclayer/pgfcorepatterns.code.tex
File: pgfcorepatterns.code.tex 2009/07/02  (rcs-revision 1.3)
)))
(/usr/share/texmf/tex/generic/pgf/modules/pgfmoduleshapes.code.tex
File: pgfmoduleshapes.code.tex 2010/09/09  (rcs-revision 1.13)
\pgfnodeparttextbox=\box37
)
(/usr/share/texmf/tex/generic/pgf/modules/pgfmoduleplot.code.tex
File: pgfmoduleplot.code.tex 2010/10/22  (rcs-revision 1.8)
)
(/usr/share/texmf/tex/latex/pgf/compatibility/pgfcomp-version-0-65.sty
Package: pgfcomp-version-0-65 2007/07/03 v2.10 (rcs-revision 1.7)
\pgf@nodesepstart=\dimen169
\pgf@nodesepend=\dimen170
)
(/usr/share/texmf/tex/latex/pgf/compatibility/pgfcomp-version-1-18.sty
Package: pgfcomp-version-1-18 2007/07/23 v2.10 (rcs-revision 1.1)
))
(/usr/share/texmf/tex/latex/pgf/utilities/pgffor.sty
(/usr/share/texmf/tex/latex/pgf/utilities/pgfkeys.sty
(/usr/share/texmf/tex/generic/pgf/utilities/pgfkeys.code.tex))
(/usr/share/texmf/tex/generic/pgf/utilities/pgffor.code.tex
Package: pgffor 2010/03/23 v2.10 (rcs-revision 1.18)
\pgffor@iter=\dimen171
\pgffor@skip=\dimen172
\pgffor@stack=\toks28
\pgffor@toks=\toks29
))
(/usr/share/texmf/tex/generic/pgf/frontendlayer/tikz/tikz.code.tex
Package: tikz 2010/10/13 v2.10 (rcs-revision 1.76)

(/usr/share/texmf/tex/generic/pgf/libraries/pgflibraryplothandlers.code.tex
File: pgflibraryplothandlers.code.tex 2010/05/31 v2.10 (rcs-revision 1.15)
\pgf@plot@mark@count=\count117
\pgfplotmarksize=\dimen173
)
\tikz@lastx=\dimen174
\tikz@lasty=\dimen175
\tikz@lastxsaved=\dimen176
\tikz@lastysaved=\dimen177
\tikzleveldistance=\dimen178
\tikzsiblingdistance=\dimen179
\tikz@figbox=\box38
\tikz@tempbox=\box39
\tikztreelevel=\count118
\tikznumberofchildren=\count119
\tikznumberofcurrentchild=\count120
\tikz@fig@count=\count121

(/usr/share/texmf/tex/generic/pgf/modules/pgfmodulematrix.code.tex
File: pgfmodulematrix.code.tex 2010/08/24  (rcs-revision 1.4)
\pgfmatrixcurrentrow=\count122
\pgfmatrixcurrentcolumn=\count123
\pgf@matrix@numberofcolumns=\count124
)
\tikz@expandcount=\count125

(/usr/share/texmf/tex/generic/pgf/frontendlayer/tikz/libraries/tikzlibrarytopat
hs.code.tex
File: tikzlibrarytopaths.code.tex 2008/06/17 v2.10 (rcs-revision 1.2)
))) (/usr/share/texlive/texmf-dist/tex/latex/pgfplots/pgfplots.sty
(/usr/share/texlive/texmf-dist/tex/generic/pgfplots/pgfplots.revision.tex)
Package: pgfplots 2013/10/03 v1.9 Data Visualization (1.9)

(/usr/share/texlive/texmf-dist/tex/generic/pgfplots/pgfplots.code.tex
(/usr/share/texlive/texmf-dist/tex/generic/pgfplots/pgfplotscore.code.tex
\t@pgfplots@toka=\toks30
\t@pgfplots@tokb=\toks31
\t@pgfplots@tokc=\toks32
\pgfplots@tmpa=\dimen180
\c@pgfplots@coordindex=\count126
\c@pgfplots@scanlineindex=\count127

(/usr/share/texlive/texmf-dist/tex/generic/pgfplots/sys/pgfplotssysgeneric.code
.tex))
(/usr/share/texlive/texmf-dist/tex/generic/pgfplots/libs/pgfplotslibrary.code.t
ex)
(/usr/share/texlive/texmf-dist/tex/generic/pgfplots/oldpgfcompatib/pgfplotsoldp
gfsupp_loader.code.tex
Package pgfplots: loading complementary code for your PGF version...

(/usr/share/texlive/texmf-dist/tex/generic/pgfplots/oldpgfcompatib/pgfplotsoldp
gfsupp_misc.code.tex)
(/usr/share/texlive/texmf-dist/tex/generic/pgfplots/oldpgfcompatib/pgfplotsoldp
gfsupp_pgfkeys.code.tex
\pgfkeys@pathtoks=\toks33
\pgfkeys@temptoks=\toks34

(/usr/share/texlive/texmf-dist/tex/generic/pgfplots/oldpgfcompatib/pgfplotsoldp
gfsupp_pgfkeysfiltered.code.tex
\pgfkeys@tmptoks=\toks35
))
(/usr/share/texlive/texmf-dist/tex/generic/pgfplots/oldpgfcompatib/pgfplotsoldp
gfsupp_pgfmathfloat.code.tex
\c@pgfmathroundto@lastzeros=\count128
)
(/usr/share/texlive/texmf-dist/tex/generic/pgfplots/oldpgfcompatib/pgfplotsoldp
gfsupp_pgflibraryplothandlers.code.tex
File: pgflibraryplothandlers.code.tex 2012/09/11 v2.10 (rcs-revision 1.17)
\pgf@plot@mark@count=\count129
\pgfplotmarksize=\dimen181
)
(/usr/share/texlive/texmf-dist/tex/generic/pgfplots/oldpgfcompatib/pgfplotsoldp
gfsupp_pgflibraryfpu.code.tex)
(/usr/share/texlive/texmf-dist/tex/generic/pgfplots/oldpgfcompatib/pgfplotsoldp
gfsupp_pgfcorescopes.code.tex
File: pgfcorescopes.code.tex 2012/11/30  (rcs-revision 1.38)
\pgfpic=\box40
\pgf@hbox=\box41
\pgf@layerbox@main=\box42
\pgf@picture@serial@count=\count130
)
(/usr/share/texlive/texmf-dist/tex/generic/pgfplots/oldpgfcompatib/pgfplotsoldp
gfsupp_pgfcorelayers.code.tex
File: pgfcorelayers.code.tex 2012/11/07  (rcs-revision 1.5)
))
(/usr/share/texlive/texmf-dist/tex/generic/pgfplots/util/pgfplotsutil.code.tex
(/usr/share/texlive/texmf-dist/tex/generic/pgfplots/liststructure/pgfplotslists
tructure.code.tex)
(/usr/share/texlive/texmf-dist/tex/generic/pgfplots/liststructure/pgfplotslists
tructureext.code.tex)
(/usr/share/texlive/texmf-dist/tex/generic/pgfplots/liststructure/pgfplotsarray
.code.tex
\c@pgfplotsarray@tmp=\count131
)
(/usr/share/texlive/texmf-dist/tex/generic/pgfplots/liststructure/pgfplotsmatri
x.code.tex)
(/usr/share/texlive/texmf-dist/tex/generic/pgfplots/numtable/pgfplotstableshare
d.code.tex
\c@pgfplotstable@counta=\count132
\t@pgfplotstable@a=\toks36
)
(/usr/share/texlive/texmf-dist/tex/generic/pgfplots/liststructure/pgfplotsdeque
.code.tex)
(/usr/share/texlive/texmf-dist/tex/generic/pgfplots/util/pgfplotsbinary.code.te
x
(/usr/share/texlive/texmf-dist/tex/generic/pgfplots/util/pgfplotsbinary.data.co
de.tex))
(/usr/share/texlive/texmf-dist/tex/generic/pgfplots/util/pgfplotsutil.verb.code
.tex)
(/usr/share/texlive/texmf-dist/tex/generic/pgfplots/libs/pgflibrarypgfplots.sur
fshading.code.tex
\c@pgfplotslibrarysurf@no=\count133

(/usr/share/texlive/texmf-dist/tex/generic/pgfplots/sys/pgflibrarypgfplots.surf
shading.pgfsys-pdftex.def)))
(/usr/share/texlive/texmf-dist/tex/generic/pgfplots/util/pgfplotscolormap.code.
tex
(/usr/share/texlive/texmf-dist/tex/generic/pgfplots/util/pgfplotscolor.code.tex
))
(/usr/share/texlive/texmf-dist/tex/generic/pgfplots/pgfplotsstackedplots.code.t
ex)
(/usr/share/texlive/texmf-dist/tex/generic/pgfplots/pgfplotsplothandlers.code.t
ex
(/usr/share/texlive/texmf-dist/tex/generic/pgfplots/pgfplotsmeshplothandler.cod
e.tex))
(/usr/share/texlive/texmf-dist/tex/generic/pgfplots/pgfplots.scaling.code.tex)
(/usr/share/texlive/texmf-dist/tex/generic/pgfplots/pgfplotscoordprocessing.cod
e.tex)
(/usr/share/texlive/texmf-dist/tex/generic/pgfplots/pgfplots.errorbars.code.tex
) (/usr/share/texlive/texmf-dist/tex/generic/pgfplots/pgfplots.markers.code.tex
) (/usr/share/texlive/texmf-dist/tex/generic/pgfplots/pgfplotsticks.code.tex)
(/usr/share/texlive/texmf-dist/tex/generic/pgfplots/pgfplots.paths.code.tex)
(/usr/share/texmf/tex/generic/pgf/frontendlayer/tikz/libraries/tikzlibrarydecor
ations.code.tex
(/usr/share/texmf/tex/generic/pgf/modules/pgfmoduledecorations.code.tex
\pgfdecoratedcompleteddistance=\dimen182
\pgfdecoratedremainingdistance=\dimen183
\pgfdecoratedinputsegmentcompleteddistance=\dimen184
\pgfdecoratedinputsegmentremainingdistance=\dimen185
\pgf@decorate@distancetomove=\dimen186
\pgf@decorate@repeatstate=\count134
\pgfdecorationsegmentamplitude=\dimen187
\pgfdecorationsegmentlength=\dimen188
)
\tikz@lib@dec@box=\box43
)
(/usr/share/texmf/tex/generic/pgf/frontendlayer/tikz/libraries/tikzlibrarydecor
ations.pathmorphing.code.tex
(/usr/share/texmf/tex/generic/pgf/libraries/decorations/pgflibrarydecorations.p
athmorphing.code.tex))
(/usr/share/texmf/tex/generic/pgf/frontendlayer/tikz/libraries/tikzlibrarydecor
ations.pathreplacing.code.tex
(/usr/share/texmf/tex/generic/pgf/libraries/decorations/pgflibrarydecorations.p
athreplacing.code.tex))
\pgfplots@numplots=\count135
\pgfplots@xmin@reg=\dimen189
\pgfplots@xmax@reg=\dimen190
\pgfplots@ymin@reg=\dimen191
\pgfplots@ymax@reg=\dimen192
\pgfplots@zmin@reg=\dimen193
\pgfplots@zmax@reg=\dimen194
)
(/usr/share/texmf/tex/generic/pgf/frontendlayer/tikz/libraries/tikzlibraryplotm
arks.code.tex
File: tikzlibraryplotmarks.code.tex 2008/01/09 v2.10 (rcs-revision 1.1)

(/usr/share/texmf/tex/generic/pgf/libraries/pgflibraryplotmarks.code.tex
File: pgflibraryplotmarks.code.tex 2010/10/15 v2.10 (rcs-revision 1.12)
)))
(/usr/share/texlive/texmf-dist/tex/latex/pgfplots/pgfplotstable.sty
(/usr/share/texlive/texmf-dist/tex/generic/pgfplots/pgfplots.revision.tex)
Package: pgfplotstable 2013/10/03 v1.9 Table typesetting and Pretty-printing (1
.9)

(/usr/share/texlive/texmf-dist/tex/generic/pgfplots/numtable/pgfplotstable.code
.tex
(/usr/share/texlive/texmf-dist/tex/generic/pgfplots/numtable/pgfplotstable.colt
ype.code.tex)) (/usr/share/texlive/texmf-dist/tex/latex/tools/array.sty
Package: array 2008/09/09 v2.4c Tabular extension package (FMi)
\col@sep=\dimen195
\extrarowheight=\dimen196
\NC@list=\toks37
\extratabsurround=\skip47
\backup@length=\skip48
))
(/usr/share/texlive/texmf-dist/tex/latex/pdfpages/pdfpages.sty
Package: pdfpages 2013/08/25 v0.4v Insert pages of external PDF documents (AM)

(/usr/share/texlive/texmf-dist/tex/latex/base/ifthen.sty
Package: ifthen 2001/05/26 v1.1c Standard LaTeX ifthen package (DPC)
)
(/usr/share/texlive/texmf-dist/tex/latex/tools/calc.sty
Package: calc 2007/08/22 v4.3 Infix arithmetic (KKT,FJ)
\calc@Acount=\count136
\calc@Bcount=\count137
\calc@Adimen=\dimen197
\calc@Bdimen=\dimen198
\calc@Askip=\skip49
\calc@Bskip=\skip50
LaTeX Info: Redefining \setlength on input line 76.
LaTeX Info: Redefining \addtolength on input line 77.
\calc@Ccount=\count138
\calc@Cskip=\skip51
)
(/usr/share/texlive/texmf-dist/tex/latex/eso-pic/eso-pic.sty
Package: eso-pic 2013/10/06 v2.0d eso-pic (RN)

(/usr/share/texlive/texmf-dist/tex/generic/oberdiek/atbegshi.sty
Package: atbegshi 2011/10/05 v1.16 At begin shipout hook (HO)

(/usr/share/texlive/texmf-dist/tex/generic/oberdiek/ifpdf.sty
Package: ifpdf 2011/01/30 v2.3 Provides the ifpdf switch (HO)
Package ifpdf Info: pdfTeX in PDF mode is detected.
)))
(/usr/share/texlive/texmf-dist/tex/latex/pdfpages/pppdftex.def
File: pppdftex.def 2013/08/25 v0.4v Pdfpages driver for pdfTeX (AM)
)
\AM@pagebox=\box44
\AM@toc@title=\toks38
\c@AM@survey=\count139
\AM@templatesizebox=\box45
)
(/usr/share/texlive/texmf-dist/tex/latex/algorithms/algorithm.sty
Package: algorithm 2009/08/24 v0.1 Document Style `algorithm' - floating enviro
nment

(/usr/share/texlive/texmf-dist/tex/latex/float/float.sty
Package: float 2001/11/08 v1.3d Float enhancements (AL)
\c@float@type=\count140
\float@exts=\toks39
\float@box=\box46
\@float@everytoks=\toks40
\@floatcapt=\box47
)
\@float@every@algorithm=\toks41
\c@algorithm=\count141
)
(/usr/share/texlive/texmf-dist/tex/latex/todonotes/todonotes.sty
Package: todonotes 2012/07/25 .dtx Todonotes source and documentation.
Package: todonotes 2012/07/25

(/usr/share/texlive/texmf-dist/tex/latex/xkeyval/xkeyval.sty
Package: xkeyval 2012/10/14 v2.6b package option processing (HA)

(/usr/share/texlive/texmf-dist/tex/generic/xkeyval/xkeyval.tex
\XKV@toks=\toks42
\XKV@tempa@toks=\toks43
\XKV@depth=\count142
File: xkeyval.tex 2012/10/14 v2.6b key=value parser (HA)
))
(/usr/share/texmf/tex/generic/pgf/frontendlayer/tikz/libraries/tikzlibraryposit
ioning.code.tex
File: tikzlibrarypositioning.code.tex 2008/10/06 v2.10 (rcs-revision 1.7)
)
\c@@todonotes@numberoftodonotes=\count143
)
(/usr/share/texlive/texmf-dist/tex/latex/hyperref/hyperref.sty
Package: hyperref 2012/11/06 v6.83m Hypertext links for LaTeX

(/usr/share/texlive/texmf-dist/tex/generic/oberdiek/hobsub-hyperref.sty
Package: hobsub-hyperref 2012/05/28 v1.13 Bundle oberdiek, subset hyperref (HO)


(/usr/share/texlive/texmf-dist/tex/generic/oberdiek/hobsub-generic.sty
Package: hobsub-generic 2012/05/28 v1.13 Bundle oberdiek, subset generic (HO)
Package: hobsub 2012/05/28 v1.13 Construct package bundles (HO)
Package hobsub Info: Skipping package `infwarerr' (already loaded).
Package hobsub Info: Skipping package `ltxcmds' (already loaded).
Package: ifluatex 2010/03/01 v1.3 Provides the ifluatex switch (HO)
Package ifluatex Info: LuaTeX not detected.
Package: ifvtex 2010/03/01 v1.5 Detect VTeX and its facilities (HO)
Package ifvtex Info: VTeX not detected.
Package: intcalc 2007/09/27 v1.1 Expandable calculations with integers (HO)
Package hobsub Info: Skipping package `ifpdf' (already loaded).
Package: etexcmds 2011/02/16 v1.5 Avoid name clashes with e-TeX commands (HO)
Package etexcmds Info: Could not find \expanded.
(etexcmds)             That can mean that you are not using pdfTeX 1.50 or
(etexcmds)             that some package has redefined \expanded.
(etexcmds)             In the latter case, load this package earlier.
Package: kvsetkeys 2012/04/25 v1.16 Key value parser (HO)
Package: kvdefinekeys 2011/04/07 v1.3 Define keys (HO)
Package: pdftexcmds 2011/11/29 v0.20 Utility functions of pdfTeX for LuaTeX (HO
)
Package pdftexcmds Info: LuaTeX not detected.
Package pdftexcmds Info: \pdf@primitive is available.
Package pdftexcmds Info: \pdf@ifprimitive is available.
Package pdftexcmds Info: \pdfdraftmode found.
Package: pdfescape 2011/11/25 v1.13 Implements pdfTeX's escape features (HO)
Package: bigintcalc 2012/04/08 v1.3 Expandable calculations on big integers (HO
)
Package: bitset 2011/01/30 v1.1 Handle bit-vector datatype (HO)
Package: uniquecounter 2011/01/30 v1.2 Provide unlimited unique counter (HO)
)
Package hobsub Info: Skipping package `hobsub' (already loaded).
Package: letltxmacro 2010/09/02 v1.4 Let assignment for LaTeX macros (HO)
Package: hopatch 2012/05/28 v1.2 Wrapper for package hooks (HO)
Package: xcolor-patch 2011/01/30 xcolor patch
Package: atveryend 2011/06/30 v1.8 Hooks at the very end of document (HO)
Package atveryend Info: \enddocument detected (standard20110627).
Package hobsub Info: Skipping package `atbegshi' (already loaded).
Package: refcount 2011/10/16 v3.4 Data extraction from label references (HO)
Package: hycolor 2011/01/30 v1.7 Color options for hyperref/bookmark (HO)
)
(/usr/share/texlive/texmf-dist/tex/generic/ifxetex/ifxetex.sty
Package: ifxetex 2010/09/12 v0.6 Provides ifxetex conditional
)
(/usr/share/texlive/texmf-dist/tex/latex/oberdiek/auxhook.sty
Package: auxhook 2011/03/04 v1.3 Hooks for auxiliary files (HO)
)
(/usr/share/texlive/texmf-dist/tex/latex/oberdiek/kvoptions.sty
Package: kvoptions 2011/06/30 v3.11 Key value format for package options (HO)
)
\@linkdim=\dimen199
\Hy@linkcounter=\count144
\Hy@pagecounter=\count145

(/usr/share/texlive/texmf-dist/tex/latex/hyperref/pd1enc.def
File: pd1enc.def 2012/11/06 v6.83m Hyperref: PDFDocEncoding definition (HO)
)
\Hy@SavedSpaceFactor=\count146

(/usr/share/texlive/texmf-dist/tex/latex/latexconfig/hyperref.cfg
File: hyperref.cfg 2002/06/06 v1.2 hyperref configuration of TeXLive
)
Package hyperref Info: Option `colorlinks' set `true' on input line 4319.
Package hyperref Info: Option `breaklinks' set `true' on input line 4319.
Package hyperref Info: Hyper figures OFF on input line 4443.
Package hyperref Info: Link nesting OFF on input line 4448.
Package hyperref Info: Hyper index ON on input line 4451.
Package hyperref Info: Plain pages OFF on input line 4458.
Package hyperref Info: Backreferencing OFF on input line 4463.
Package hyperref Info: Implicit mode ON; LaTeX internals redefined.
Package hyperref Info: Bookmarks ON on input line 4688.
\c@Hy@tempcnt=\count147

(/usr/share/texlive/texmf-dist/tex/latex/url/url.sty
\Urlmuskip=\muskip11
Package: url 2013/09/16  ver 3.4  Verb mode for urls, etc.
)
LaTeX Info: Redefining \url on input line 5041.
\XeTeXLinkMargin=\dimen200
\Fld@menulength=\count148
\Field@Width=\dimen201
\Fld@charsize=\dimen202
Package hyperref Info: Hyper figures OFF on input line 6295.
Package hyperref Info: Link nesting OFF on input line 6300.
Package hyperref Info: Hyper index ON on input line 6303.
Package hyperref Info: backreferencing OFF on input line 6310.
Package hyperref Info: Link coloring ON on input line 6313.
Package hyperref Info: Link coloring with OCG OFF on input line 6320.
Package hyperref Info: PDF/A mode OFF on input line 6325.
LaTeX Info: Redefining \ref on input line 6365.
LaTeX Info: Redefining \pageref on input line 6369.
\Hy@abspage=\count149
\c@Item=\count150
\c@Hfootnote=\count151
)

Package hyperref Message: Driver (autodetected): hpdftex.

(/usr/share/texlive/texmf-dist/tex/latex/hyperref/hpdftex.def
File: hpdftex.def 2012/11/06 v6.83m Hyperref driver for pdfTeX
\Fld@listcount=\count152
\c@bookmark@seq@number=\count153

(/usr/share/texlive/texmf-dist/tex/latex/oberdiek/rerunfilecheck.sty
Package: rerunfilecheck 2011/04/15 v1.7 Rerun checks for auxiliary files (HO)
Package uniquecounter Info: New unique counter `rerunfilecheck' on input line 2
82.
)
\Hy@SectionHShift=\skip52
)
(/usr/share/texlive/texmf-dist/tex/latex/algorithms/algorithmic.sty
Package: algorithmic 2009/08/24 v0.1 Document Style `algorithmic'
\c@ALC@unique=\count154
\c@ALC@line=\count155
\c@ALC@rem=\count156
\c@ALC@depth=\count157
\ALC@tlm=\skip53
\algorithmicindent=\skip54
)
(/usr/share/texlive/texmf-dist/tex/latex/mh/mathtools.sty
Package: mathtools 2013/02/12 v1.13 mathematical typesetting tools

(/usr/share/texlive/texmf-dist/tex/latex/mh/mhsetup.sty
Package: mhsetup 2010/01/21 v1.2a programming setup (MH)
)
LaTeX Info: Thecontrolsequence`\['isalreadyrobust on input line 129.
LaTeX Info: Thecontrolsequence`\]'isalreadyrobust on input line 129.
\g_MT_multlinerow_int=\count158
\l_MT_multwidth_dim=\dimen203
\origjot=\skip55
\l_MT_shortvdotswithinadjustabove_dim=\dimen204
\l_MT_shortvdotswithinadjustbelow_dim=\dimen205
\l_MT_above_intertext_sep=\dimen206
\l_MT_below_intertext_sep=\dimen207
\l_MT_above_shortintertext_sep=\dimen208
\l_MT_below_shortintertext_sep=\dimen209
)
(/usr/share/texlive/texmf-dist/tex/latex/multirow/multirow.sty
\bigstrutjot=\dimen210
)
(./chacon-ieeetec-17.aux)
\openout1 = `chacon-ieeetec-17.aux'.

LaTeX Font Info:    Checking defaults for OML/cmm/m/it on input line 388.
LaTeX Font Info:    ... okay on input line 388.
LaTeX Font Info:    Checking defaults for T1/cmr/m/n on input line 388.
LaTeX Font Info:    ... okay on input line 388.
LaTeX Font Info:    Checking defaults for OT1/cmr/m/n on input line 388.
LaTeX Font Info:    ... okay on input line 388.
LaTeX Font Info:    Checking defaults for OMS/cmsy/m/n on input line 388.
LaTeX Font Info:    ... okay on input line 388.
LaTeX Font Info:    Checking defaults for OMX/cmex/m/n on input line 388.
LaTeX Font Info:    ... okay on input line 388.
LaTeX Font Info:    Checking defaults for U/cmr/m/n on input line 388.
LaTeX Font Info:    ... okay on input line 388.
LaTeX Font Info:    Checking defaults for PD1/pdf/m/n on input line 388.
LaTeX Font Info:    ... okay on input line 388.

-- Lines per column: 58 (exact).
(/usr/share/texlive/texmf-dist/tex/context/base/supp-pdf.mkii
[Loading MPS to PDF converter (version 2006.09.02).]
\scratchcounter=\count159
\scratchdimen=\dimen211
\scratchbox=\box48
\nofMPsegments=\count160
\nofMParguments=\count161
\everyMPshowfont=\toks44
\MPscratchCnt=\count162
\MPscratchDim=\dimen212
\MPnumerator=\count163
\makeMPintoPDFobject=\count164
\everyMPtoPDFconversion=\toks45
) (/usr/share/texlive/texmf-dist/tex/latex/oberdiek/epstopdf-base.sty
Package: epstopdf-base 2010/02/09 v2.5 Base part for package epstopdf

(/usr/share/texlive/texmf-dist/tex/latex/oberdiek/grfext.sty
Package: grfext 2010/08/19 v1.1 Manage graphics extensions (HO)
)
Package grfext Info: Graphics extension search list:
(grfext)             [.png,.pdf,.jpg,.mps,.jpeg,.jbig2,.jb2,.PNG,.PDF,.JPG,.JPE
G,.JBIG2,.JB2,.eps]
(grfext)             \AppendGraphicsExtensions on input line 452.

(/usr/share/texlive/texmf-dist/tex/latex/latexconfig/epstopdf-sys.cfg
File: epstopdf-sys.cfg 2010/07/13 v1.3 Configuration of (r)epstopdf for TeX Liv
e
))
ABD: EveryShipout initializing macros

Package pgfplots Warning: running in backwards compatibility mode (unsuitable t
ick labels; missing features). Consider writing \pgfplotsset{compat=1.9} into y
our preamble.
 on input line 388.

\AtBeginShipoutBox=\box49
Package hyperref Info: Link coloring ON on input line 388.
(/usr/share/texlive/texmf-dist/tex/latex/hyperref/nameref.sty
Package: nameref 2012/10/27 v2.43 Cross-referencing by name of section

(/usr/share/texlive/texmf-dist/tex/generic/oberdiek/gettitlestring.sty
Package: gettitlestring 2010/12/03 v1.4 Cleanup title references (HO)
)
\c@section@level=\count165
)
LaTeX Info: Redefining \ref on input line 388.
LaTeX Info: Redefining \pageref on input line 388.
LaTeX Info: Redefining \nameref on input line 388.

(./chacon-ieeetec-17.out) (./chacon-ieeetec-17.out)
\@outlinefile=\write4
\openout4 = `chacon-ieeetec-17.out'.

 (./Abstract.tex)
(./Introduction.tex [1{/var/lib/texmf/fonts/map/pdftex/updmap/pdftex.map}


])
(./LiteratureReview.tex [2]) (./Proposal.tex
Package hyperref Info: bookmark level for unknown algorithm defaults to 0 on in
put line 35.
 [3]
<Images/Diagram.pdf, id=179, 194.63716pt x 82.47813pt>
File: Images/Diagram.pdf Graphic file (type pdf)

<use Images/Diagram.pdf>
Package pdftex.def Info: Images/Diagram.pdf used on input line 104.
(pdftex.def)             Requested size: 232.19843pt x 98.40062pt.
 [4 <./Images/Diagram.pdf>])
(./ExperimentalValidation.tex [5] [6]
Package epstopdf Info: Source file: <Images/Graphic-Scalability-2obj_tikz-figur
e0.eps>
(epstopdf)                    date: 2019-07-15 17:35:11
(epstopdf)                    size: 93306 bytes
(epstopdf)             Output file: <Images/Graphic-Scalability-2obj_tikz-figur
e0-eps-converted-to.pdf>
(epstopdf)                    date: 2019-07-15 17:35:40
(epstopdf)                    size: 12849 bytes
(epstopdf)             Command: <repstopdf --outfile=Images/Graphic-Scalability
-2obj_tikz-figure0-eps-converted-to.pdf Images/Graphic-Scalability-2obj_tikz-fi
gure0.eps>
(epstopdf)             \includegraphics on input line 167.
Package epstopdf Info: Output file is already uptodate.

<Images/Graphic-Scalability-2obj_tikz-figure0-eps-converted-to.pdf, id=342, 251
.94125pt x 170.6375pt>
File: Images/Graphic-Scalability-2obj_tikz-figure0-eps-converted-to.pdf Graphic
 file (type pdf)

<use Images/Graphic-Scalability-2obj_tikz-figure0-eps-converted-to.pdf>
Package pdftex.def Info: Images/Graphic-Scalability-2obj_tikz-figure0-eps-conve
rted-to.pdf used on input line 167.
(pdftex.def)             Requested size: 251.94063pt x 170.63707pt.
Package epstopdf Info: Source file: <Images/Graphic-Scalability-3obj_tikz-figur
e0.eps>
(epstopdf)                    date: 2019-07-15 17:35:04
(epstopdf)                    size: 93005 bytes
(epstopdf)             Output file: <Images/Graphic-Scalability-3obj_tikz-figur
e0-eps-converted-to.pdf>
(epstopdf)                    date: 2019-07-15 17:35:40
(epstopdf)                    size: 12714 bytes
(epstopdf)             Command: <repstopdf --outfile=Images/Graphic-Scalability
-3obj_tikz-figure0-eps-converted-to.pdf Images/Graphic-Scalability-3obj_tikz-fi
gure0.eps>
(epstopdf)             \includegraphics on input line 175.
Package epstopdf Info: Output file is already uptodate.

<Images/Graphic-Scalability-3obj_tikz-figure0-eps-converted-to.pdf, id=343, 251
.94125pt x 170.6375pt>
File: Images/Graphic-Scalability-3obj_tikz-figure0-eps-converted-to.pdf Graphic
 file (type pdf)

<use Images/Graphic-Scalability-3obj_tikz-figure0-eps-converted-to.pdf>
Package pdftex.def Info: Images/Graphic-Scalability-3obj_tikz-figure0-eps-conve
rted-to.pdf used on input line 175.
(pdftex.def)             Requested size: 251.94063pt x 170.63707pt.
Package epstopdf Info: Source file: <Images/Graphic-Diversity_2obj_tikz-figure0
.eps>
(epstopdf)                    date: 2019-07-15 17:35:05
(epstopdf)                    size: 125767 bytes
(epstopdf)             Output file: <Images/Graphic-Diversity_2obj_tikz-figure0
-eps-converted-to.pdf>
(epstopdf)                    date: 2019-07-15 17:35:41
(epstopdf)                    size: 17477 bytes
(epstopdf)             Command: <repstopdf --outfile=Images/Graphic-Diversity_2
obj_tikz-figure0-eps-converted-to.pdf Images/Graphic-Diversity_2obj_tikz-figure
0.eps>
(epstopdf)             \includegraphics on input line 222.
Package epstopdf Info: Output file is already uptodate.

<Images/Graphic-Diversity_2obj_tikz-figure0-eps-converted-to.pdf, id=347, 256.9
6pt x 166.6225pt>
File: Images/Graphic-Diversity_2obj_tikz-figure0-eps-converted-to.pdf Graphic f
ile (type pdf)

<use Images/Graphic-Diversity_2obj_tikz-figure0-eps-converted-to.pdf>
Package pdftex.def Info: Images/Graphic-Diversity_2obj_tikz-figure0-eps-convert
ed-to.pdf used on input line 222.
(pdftex.def)             Requested size: 256.95937pt x 166.62209pt.

Overfull \hbox (4.95937pt too wide) in paragraph at lines 222--222
 [][] 
 []

Package epstopdf Info: Source file: <Images/Graphic-Diversity_2obj_tikz-figure1
.eps>
(epstopdf)                    date: 2019-07-15 17:35:07
(epstopdf)                    size: 125103 bytes
(epstopdf)             Output file: <Images/Graphic-Diversity_2obj_tikz-figure1
-eps-converted-to.pdf>
(epstopdf)                    date: 2019-07-15 17:35:41
(epstopdf)                    size: 17235 bytes
(epstopdf)             Command: <repstopdf --outfile=Images/Graphic-Diversity_2
obj_tikz-figure1-eps-converted-to.pdf Images/Graphic-Diversity_2obj_tikz-figure
1.eps>
(epstopdf)             \includegraphics on input line 224.
Package epstopdf Info: Output file is already uptodate.

<Images/Graphic-Diversity_2obj_tikz-figure1-eps-converted-to.pdf, id=348, 253.9
4875pt x 166.6225pt>
File: Images/Graphic-Diversity_2obj_tikz-figure1-eps-converted-to.pdf Graphic f
ile (type pdf)

<use Images/Graphic-Diversity_2obj_tikz-figure1-eps-converted-to.pdf>
Package pdftex.def Info: Images/Graphic-Diversity_2obj_tikz-figure1-eps-convert
ed-to.pdf used on input line 224.
(pdftex.def)             Requested size: 253.94812pt x 166.62209pt.

Overfull \hbox (1.94812pt too wide) in paragraph at lines 224--225
 [][] 
 []

[7 <./Images/Graphic-Scalability-2obj_tikz-figure0-eps-converted-to.pdf> <./Ima
ges/Graphic-Scalability-3obj_tikz-figure0-eps-converted-to.pdf>]
Package epstopdf Info: Source file: <Images/Graphic-Diversity_3obj_tikz-figure0
.eps>
(epstopdf)                    date: 2019-07-15 17:35:08
(epstopdf)                    size: 125333 bytes
(epstopdf)             Output file: <Images/Graphic-Diversity_3obj_tikz-figure0
-eps-converted-to.pdf>
(epstopdf)                    date: 2019-07-15 17:35:42
(epstopdf)                    size: 17524 bytes
(epstopdf)             Command: <repstopdf --outfile=Images/Graphic-Diversity_3
obj_tikz-figure0-eps-converted-to.pdf Images/Graphic-Diversity_3obj_tikz-figure
0.eps>
(epstopdf)             \includegraphics on input line 247.
Package epstopdf Info: Output file is already uptodate.

<Images/Graphic-Diversity_3obj_tikz-figure0-eps-converted-to.pdf, id=380, 256.9
6pt x 166.6225pt>
File: Images/Graphic-Diversity_3obj_tikz-figure0-eps-converted-to.pdf Graphic f
ile (type pdf)

<use Images/Graphic-Diversity_3obj_tikz-figure0-eps-converted-to.pdf>
Package pdftex.def Info: Images/Graphic-Diversity_3obj_tikz-figure0-eps-convert
ed-to.pdf used on input line 247.
(pdftex.def)             Requested size: 256.95937pt x 166.62209pt.

Overfull \hbox (4.95937pt too wide) in paragraph at lines 247--247
 [][] 
 []

Package epstopdf Info: Source file: <Images/Graphic-Diversity_3obj_tikz-figure1
.eps>
(epstopdf)                    date: 2019-07-15 17:35:10
(epstopdf)                    size: 125254 bytes
(epstopdf)             Output file: <Images/Graphic-Diversity_3obj_tikz-figure1
-eps-converted-to.pdf>
(epstopdf)                    date: 2019-07-15 17:35:42
(epstopdf)                    size: 17366 bytes
(epstopdf)             Command: <repstopdf --outfile=Images/Graphic-Diversity_3
obj_tikz-figure1-eps-converted-to.pdf Images/Graphic-Diversity_3obj_tikz-figure
1.eps>
(epstopdf)             \includegraphics on input line 249.
Package epstopdf Info: Output file is already uptodate.

<Images/Graphic-Diversity_3obj_tikz-figure1-eps-converted-to.pdf, id=381, 253.9
4875pt x 166.6225pt>
File: Images/Graphic-Diversity_3obj_tikz-figure1-eps-converted-to.pdf Graphic f
ile (type pdf)

<use Images/Graphic-Diversity_3obj_tikz-figure1-eps-converted-to.pdf>
Package pdftex.def Info: Images/Graphic-Diversity_3obj_tikz-figure1-eps-convert
ed-to.pdf used on input line 249.
(pdftex.def)             Requested size: 253.94812pt x 166.62209pt.

Overfull \hbox (1.94812pt too wide) in paragraph at lines 249--250
 [][] 
 []

[8 <./Images/Graphic-Diversity_2obj_tikz-figure0-eps-converted-to.pdf> <./Image
s/Graphic-Diversity_2obj_tikz-figure1-eps-converted-to.pdf> <./Images/Graphic-D
iversity_3obj_tikz-figure0-eps-converted-to.pdf> <./Images/Graphic-Diversity_3o
bj_tikz-figure1-eps-converted-to.pdf>]
Package epstopdf Info: Source file: <Images/Time_tikz-figure0.eps>
(epstopdf)                    date: 2019-07-15 17:35:12
(epstopdf)                    size: 137305 bytes
(epstopdf)             Output file: <Images/Time_tikz-figure0-eps-converted-to.
pdf>
(epstopdf)                    date: 2019-07-15 17:35:43
(epstopdf)                    size: 15597 bytes
(epstopdf)             Command: <repstopdf --outfile=Images/Time_tikz-figure0-e
ps-converted-to.pdf Images/Time_tikz-figure0.eps>
(epstopdf)             \includegraphics on input line 305.
Package epstopdf Info: Output file is already uptodate.

<Images/Time_tikz-figure0-eps-converted-to.pdf, id=425, 364.36125pt x 95.35625p
t>
File: Images/Time_tikz-figure0-eps-converted-to.pdf Graphic file (type pdf)
 <use Images/Time_tikz-figure0-eps-converted-to.pdf>
Package pdftex.def Info: Images/Time_tikz-figure0-eps-converted-to.pdf used on 
input line 305.
(pdftex.def)             Requested size: 218.61842pt x 57.21417pt.
Package epstopdf Info: Source file: <Images/Time_tikz-figure1.eps>
(epstopdf)                    date: 2019-07-15 17:35:14
(epstopdf)                    size: 104588 bytes
(epstopdf)             Output file: <Images/Time_tikz-figure1-eps-converted-to.
pdf>
(epstopdf)                    date: 2019-07-15 17:35:43
(epstopdf)                    size: 10416 bytes
(epstopdf)             Command: <repstopdf --outfile=Images/Time_tikz-figure1-e
ps-converted-to.pdf Images/Time_tikz-figure1.eps>
(epstopdf)             \includegraphics on input line 306.
Package epstopdf Info: Output file is already uptodate.

<Images/Time_tikz-figure1-eps-converted-to.pdf, id=426, 280.04625pt x 77.28876p
t>
File: Images/Time_tikz-figure1-eps-converted-to.pdf Graphic file (type pdf)
 <use Images/Time_tikz-figure1-eps-converted-to.pdf>
Package pdftex.def Info: Images/Time_tikz-figure1-eps-converted-to.pdf used on 
input line 306.
(pdftex.def)             Requested size: 168.02904pt x 46.3736pt.
Package epstopdf Info: Source file: <Images/Time_tikz-figure2.eps>
(epstopdf)                    date: 2019-07-15 17:35:15
(epstopdf)                    size: 131408 bytes
(epstopdf)             Output file: <Images/Time_tikz-figure2-eps-converted-to.
pdf>
(epstopdf)                    date: 2019-07-15 17:35:44
(epstopdf)                    size: 14487 bytes
(epstopdf)             Command: <repstopdf --outfile=Images/Time_tikz-figure2-e
ps-converted-to.pdf Images/Time_tikz-figure2.eps>
(epstopdf)             \includegraphics on input line 307.
Package epstopdf Info: Output file is already uptodate.

<Images/Time_tikz-figure2-eps-converted-to.pdf, id=427, 280.04625pt x 113.42375
pt>
File: Images/Time_tikz-figure2-eps-converted-to.pdf Graphic file (type pdf)
 <use Images/Time_tikz-figure2-eps-converted-to.pdf>
Package pdftex.def Info: Images/Time_tikz-figure2-eps-converted-to.pdf used on 
input line 307.
(pdftex.def)             Requested size: 168.02904pt x 68.05476pt.
Package epstopdf Info: Source file: <Images/Time_tikz-figure3.eps>
(epstopdf)                    date: 2019-07-15 17:35:16
(epstopdf)                    size: 138005 bytes
(epstopdf)             Output file: <Images/Time_tikz-figure3-eps-converted-to.
pdf>
(epstopdf)                    date: 2019-07-15 17:35:44
(epstopdf)                    size: 15772 bytes
(epstopdf)             Command: <repstopdf --outfile=Images/Time_tikz-figure3-e
ps-converted-to.pdf Images/Time_tikz-figure3.eps>
(epstopdf)             \includegraphics on input line 320.
Package epstopdf Info: Output file is already uptodate.

<Images/Time_tikz-figure3-eps-converted-to.pdf, id=428, 364.36125pt x 95.35625p
t>
File: Images/Time_tikz-figure3-eps-converted-to.pdf Graphic file (type pdf)
 <use Images/Time_tikz-figure3-eps-converted-to.pdf>
Package pdftex.def Info: Images/Time_tikz-figure3-eps-converted-to.pdf used on 
input line 320.
(pdftex.def)             Requested size: 218.61842pt x 57.21417pt.
Package epstopdf Info: Source file: <Images/Time_tikz-figure4.eps>
(epstopdf)                    date: 2019-07-15 17:35:17
(epstopdf)                    size: 104488 bytes
(epstopdf)             Output file: <Images/Time_tikz-figure4-eps-converted-to.
pdf>
(epstopdf)                    date: 2019-07-15 17:35:45
(epstopdf)                    size: 10339 bytes
(epstopdf)             Command: <repstopdf --outfile=Images/Time_tikz-figure4-e
ps-converted-to.pdf Images/Time_tikz-figure4.eps>
(epstopdf)             \includegraphics on input line 321.
Package epstopdf Info: Output file is already uptodate.

<Images/Time_tikz-figure4-eps-converted-to.pdf, id=429, 275.0275pt x 77.28876pt
>
File: Images/Time_tikz-figure4-eps-converted-to.pdf Graphic file (type pdf)
 <use Images/Time_tikz-figure4-eps-converted-to.pdf>
Package pdftex.def Info: Images/Time_tikz-figure4-eps-converted-to.pdf used on 
input line 321.
(pdftex.def)             Requested size: 165.01776pt x 46.3736pt.
Package epstopdf Info: Source file: <Images/Time_tikz-figure5.eps>
(epstopdf)                    date: 2019-07-15 17:35:18
(epstopdf)                    size: 131937 bytes
(epstopdf)             Output file: <Images/Time_tikz-figure5-eps-converted-to.
pdf>
(epstopdf)                    date: 2019-07-15 17:35:45
(epstopdf)                    size: 14632 bytes
(epstopdf)             Command: <repstopdf --outfile=Images/Time_tikz-figure5-e
ps-converted-to.pdf Images/Time_tikz-figure5.eps>
(epstopdf)             \includegraphics on input line 322.
Package epstopdf Info: Output file is already uptodate.

<Images/Time_tikz-figure5-eps-converted-to.pdf, id=430, 280.04625pt x 113.42375
pt>
File: Images/Time_tikz-figure5-eps-converted-to.pdf Graphic file (type pdf)
 <use Images/Time_tikz-figure5-eps-converted-to.pdf>
Package pdftex.def Info: Images/Time_tikz-figure5-eps-converted-to.pdf used on 
input line 322.
(pdftex.def)             Requested size: 168.02904pt x 68.05476pt.

Underfull \vbox (badness 10000) has occurred while \output is active []

Package epstopdf Info: Source file: <Images/Graphic-Initial-Distance_tikz-figur
e0.eps>
(epstopdf)                    date: 2019-07-15 17:35:02
(epstopdf)                    size: 93036 bytes
(epstopdf)             Output file: <Images/Graphic-Initial-Distance_tikz-figur
e0-eps-converted-to.pdf>
(epstopdf)                    date: 2019-07-15 17:35:46
(epstopdf)                    size: 12571 bytes
(epstopdf)             Command: <repstopdf --outfile=Images/Graphic-Initial-Dis
tance_tikz-figure0-eps-converted-to.pdf Images/Graphic-Initial-Distance_tikz-fi
gure0.eps>
(epstopdf)             \includegraphics on input line 357.
Package epstopdf Info: Output file is already uptodate.

<Images/Graphic-Initial-Distance_tikz-figure0-eps-converted-to.pdf, id=432, 262
.9825pt x 170.6375pt>
File: Images/Graphic-Initial-Distance_tikz-figure0-eps-converted-to.pdf Graphic
 file (type pdf)

<use Images/Graphic-Initial-Distance_tikz-figure0-eps-converted-to.pdf>
Package pdftex.def Info: Images/Graphic-Initial-Distance_tikz-figure0-eps-conve
rted-to.pdf used on input line 357.
(pdftex.def)             Requested size: 262.98184pt x 170.63707pt.

Overfull \hbox (10.98184pt too wide) in paragraph at lines 357--357
 [][] 
 []

(./Tables/Table_HV_2obj.tex

LaTeX Warning: No positions in optional float specifier.
               Default added (so using `tbp') on input line 3.

) (./Tables/Table_HV_3obj.tex

LaTeX Warning: No positions in optional float specifier.
               Default added (so using `tbp') on input line 3.

) (./Tables/Tests_HV_2obj.tex) (./Tables/Tests_HV_3obj.tex)) (./Conclusion.tex
Underfull \vbox (badness 10000) has occurred while \output is active []

 [9 <./Images/Time_tikz-figure0-eps-converted-to.pdf> <./Images/Time_tikz-figur
e1-eps-converted-to.pdf> <./Images/Time_tikz-figure2-eps-converted-to.pdf> <./I
mages/Time_tikz-figure3-eps-converted-to.pdf> <./Images/Time_tikz-figure4-eps-c
onverted-to.pdf> <./Images/Time_tikz-figure5-eps-converted-to.pdf> <./Images/Gr
aphic-Initial-Distance_tikz-figure0-eps-converted-to.pdf>]
Underfull \vbox (badness 10000) has occurred while \output is active []

 [10]
Underfull \vbox (badness 10000) has occurred while \output is active []

)
(./chacon-ieeetec-17.bbl
Underfull \vbox (badness 10000) has occurred while \output is active []

 [11]
Missing character: There is no  in font ptmr7t!
Missing character: There is no  in font ptmr7t!
Missing character: There is no  in font ptmr7t!
Missing character: There is no  in font ptmr7t!
Missing character: There is no  in font ptmr7t!
Missing character: There is no  in font ptmr7t!
Missing character: There is no  in font ptmr7t!
Missing character: There is no  in font ptmr7t!

[12])
Package epstopdf Info: Source file: <Photo_Authors/segura.eps>
(epstopdf)                    date: 2019-01-16 09:46:51
(epstopdf)                    size: 136311 bytes
(epstopdf)             Output file: <Photo_Authors/segura-eps-converted-to.pdf>

(epstopdf)                    date: 2019-07-11 17:03:23
(epstopdf)                    size: 13936 bytes
(epstopdf)             Command: <repstopdf --outfile=Photo_Authors/segura-eps-c
onverted-to.pdf Photo_Authors/segura.eps>
(epstopdf)             \includegraphics on input line 719.
Package epstopdf Info: Output file is already uptodate.

<Photo_Authors/segura-eps-converted-to.pdf, id=562, 118.4425pt x 157.58875pt>
File: Photo_Authors/segura-eps-converted-to.pdf Graphic file (type pdf)

<use Photo_Authors/segura-eps-converted-to.pdf>
Package pdftex.def Info: Photo_Authors/segura-eps-converted-to.pdf used on inpu
t line 719.
(pdftex.def)             Requested size: 72.2715pt x 90.33868pt.
Package epstopdf Info: Source file: <Photo_Authors/segura.eps>
(epstopdf)                    date: 2019-01-16 09:46:51
(epstopdf)                    size: 136311 bytes
(epstopdf)             Output file: <Photo_Authors/segura-eps-converted-to.pdf>

(epstopdf)                    date: 2019-07-11 17:03:23
(epstopdf)                    size: 13936 bytes
(epstopdf)             Command: <repstopdf --outfile=Photo_Authors/segura-eps-c
onverted-to.pdf Photo_Authors/segura.eps>
(epstopdf)             \includegraphics on input line 719.
Package epstopdf Info: Output file is already uptodate.
File: Photo_Authors/segura-eps-converted-to.pdf Graphic file (type pdf)

<use Photo_Authors/segura-eps-converted-to.pdf>
Package pdftex.def Info: Photo_Authors/segura-eps-converted-to.pdf used on inpu
t line 719.
(pdftex.def)             Requested size: 72.2715pt x 90.33868pt.
Package epstopdf Info: Source file: <Photo_Authors/joel.eps>
(epstopdf)                    date: 2019-07-12 09:12:57
(epstopdf)                    size: 123025 bytes
(epstopdf)             Output file: <Photo_Authors/joel-eps-converted-to.pdf>
(epstopdf)                    date: 2019-07-12 09:13:44
(epstopdf)                    size: 15442 bytes
(epstopdf)             Command: <repstopdf --outfile=Photo_Authors/joel-eps-con
verted-to.pdf Photo_Authors/joel.eps>
(epstopdf)             \includegraphics on input line 727.
Package epstopdf Info: Output file is already uptodate.

<Photo_Authors/joel-eps-converted-to.pdf, id=565, 133.49875pt x 145.54375pt>
File: Photo_Authors/joel-eps-converted-to.pdf Graphic file (type pdf)

<use Photo_Authors/joel-eps-converted-to.pdf>
Package pdftex.def Info: Photo_Authors/joel-eps-converted-to.pdf used on input 
line 727.
(pdftex.def)             Requested size: 72.27156pt x 90.33833pt.
Package epstopdf Info: Source file: <Photo_Authors/joel.eps>
(epstopdf)                    date: 2019-07-12 09:12:57
(epstopdf)                    size: 123025 bytes
(epstopdf)             Output file: <Photo_Authors/joel-eps-converted-to.pdf>
(epstopdf)                    date: 2019-07-12 09:13:44
(epstopdf)                    size: 15442 bytes
(epstopdf)             Command: <repstopdf --outfile=Photo_Authors/joel-eps-con
verted-to.pdf Photo_Authors/joel.eps>
(epstopdf)             \includegraphics on input line 727.
Package epstopdf Info: Output file is already uptodate.
File: Photo_Authors/joel-eps-converted-to.pdf Graphic file (type pdf)

<use Photo_Authors/joel-eps-converted-to.pdf>
Package pdftex.def Info: Photo_Authors/joel-eps-converted-to.pdf used on input 
line 727.
(pdftex.def)             Requested size: 72.27156pt x 90.33833pt.
Package epstopdf Info: Source file: <Photo_Authors/coello.eps>
(epstopdf)                    date: 2019-01-16 09:46:51
(epstopdf)                    size: 166813 bytes
(epstopdf)             Output file: <Photo_Authors/coello-eps-converted-to.pdf>

(epstopdf)                    date: 2019-07-11 17:03:23
(epstopdf)                    size: 15391 bytes
(epstopdf)             Command: <repstopdf --outfile=Photo_Authors/coello-eps-c
onverted-to.pdf Photo_Authors/coello.eps>
(epstopdf)             \includegraphics on input line 734.
Package epstopdf Info: Output file is already uptodate.

<Photo_Authors/coello-eps-converted-to.pdf, id=568, 49.18375pt x 63.23625pt>
File: Photo_Authors/coello-eps-converted-to.pdf Graphic file (type pdf)

<use Photo_Authors/coello-eps-converted-to.pdf>
Package pdftex.def Info: Photo_Authors/coello-eps-converted-to.pdf used on inpu
t line 734.
(pdftex.def)             Requested size: 72.27519pt x 90.33932pt.
Package epstopdf Info: Source file: <Photo_Authors/coello.eps>
(epstopdf)                    date: 2019-01-16 09:46:51
(epstopdf)                    size: 166813 bytes
(epstopdf)             Output file: <Photo_Authors/coello-eps-converted-to.pdf>

(epstopdf)                    date: 2019-07-11 17:03:23
(epstopdf)                    size: 15391 bytes
(epstopdf)             Command: <repstopdf --outfile=Photo_Authors/coello-eps-c
onverted-to.pdf Photo_Authors/coello.eps>
(epstopdf)             \includegraphics on input line 734.
Package epstopdf Info: Output file is already uptodate.
File: Photo_Authors/coello-eps-converted-to.pdf Graphic file (type pdf)

<use Photo_Authors/coello-eps-converted-to.pdf>
Package pdftex.def Info: Photo_Authors/coello-eps-converted-to.pdf used on inpu
t line 734.
(pdftex.def)             Requested size: 72.27519pt x 90.33932pt.
Package atveryend Info: Empty hook `BeforeClearDocument' on input line 795.
 [13

 <./Photo_Authors/segura-eps-converted-to.pdf> <./Photo_Authors/joel-eps-conver
ted-to.pdf> <./Photo_Authors/coello-eps-converted-to.pdf>]
Package atveryend Info: Empty hook `AfterLastShipout' on input line 795.
 (./chacon-ieeetec-17.aux)
Package atveryend Info: Executing hook `AtVeryEndDocument' on input line 795.
Package atveryend Info: Executing hook `AtEndAfterFileList' on input line 795.
Package rerunfilecheck Info: File `chacon-ieeetec-17.out' has not changed.
(rerunfilecheck)             Checksum: 626B83EA9E0665FE58013A3823F7D8B3;1195.
Package atveryend Info: Empty hook `AtVeryVeryEnd' on input line 795.
 ) 
Here is how much of TeX's memory you used:
 24817 strings out of 493304
 554417 string characters out of 6139871
 782612 words of memory out of 5000000
 27602 multiletter control sequences out of 15000+600000
 53625 words of font info for 98 fonts, out of 8000000 for 9000
 960 hyphenation exceptions out of 8191
 56i,17n,74p,734b,648s stack positions out of 5000i,500n,10000p,200000b,80000s
{/usr/share/texlive/texmf-dist/fonts/enc/dvips/base/8r.enc}</usr/share/texliv
e/texmf-dist/fonts/type1/public/amsfonts/cm/cmbx10.pfb></usr/share/texlive/texm
f-dist/fonts/type1/public/amsfonts/cm/cmbxti10.pfb></usr/share/texlive/texmf-di
st/fonts/type1/public/amsfonts/cm/cmex10.pfb></usr/share/texlive/texmf-dist/fon
ts/type1/public/amsfonts/cm/cmmi10.pfb></usr/share/texlive/texmf-dist/fonts/typ
e1/public/amsfonts/cm/cmmi5.pfb></usr/share/texlive/texmf-dist/fonts/type1/publ
ic/amsfonts/cm/cmmi6.pfb></usr/share/texlive/texmf-dist/fonts/type1/public/amsf
onts/cm/cmmi7.pfb></usr/share/texlive/texmf-dist/fonts/type1/public/amsfonts/cm
/cmmi8.pfb></usr/share/texlive/texmf-dist/fonts/type1/public/amsfonts/cm/cmmi9.
pfb></usr/share/texlive/texmf-dist/fonts/type1/public/amsfonts/cm/cmr10.pfb></u
sr/share/texlive/texmf-dist/fonts/type1/public/amsfonts/cm/cmr6.pfb></usr/share
/texlive/texmf-dist/fonts/type1/public/amsfonts/cm/cmr7.pfb></usr/share/texlive
/texmf-dist/fonts/type1/public/amsfonts/cm/cmr8.pfb></usr/share/texlive/texmf-d
ist/fonts/type1/public/amsfonts/cm/cmr9.pfb></usr/share/texlive/texmf-dist/font
s/type1/public/amsfonts/cm/cmsy10.pfb></usr/share/texlive/texmf-dist/fonts/type
1/public/amsfonts/cm/cmsy5.pfb></usr/share/texlive/texmf-dist/fonts/type1/publi
c/amsfonts/cm/cmsy6.pfb></usr/share/texlive/texmf-dist/fonts/type1/public/amsfo
nts/cm/cmsy7.pfb></usr/share/texlive/texmf-dist/fonts/type1/public/amsfonts/cm/
cmsy8.pfb></usr/share/texlive/texmf-dist/fonts/type1/public/amsfonts/cm/cmsy9.p
fb></usr/share/texlive/texmf-dist/fonts/type1/urw/times/utmb8a.pfb></usr/share/
texlive/texmf-dist/fonts/type1/urw/times/utmbi8a.pfb></usr/share/texlive/texmf-
dist/fonts/type1/urw/times/utmr8a.pfb></usr/share/texlive/texmf-dist/fonts/type
1/urw/times/utmri8a.pfb>
Output written on chacon-ieeetec-17.pdf (13 pages, 443815 bytes).
PDF statistics:
 687 PDF objects out of 1000 (max. 8388607)
 609 compressed objects within 7 object streams
 138 named destinations out of 1000 (max. 500000)
 270 words of extra memory for PDF output out of 10000 (max. 10000000)

